PLINK v1.90b6.24 64-bit (6 Jun 2021)
Options in effect:
  --bfile arquivo_qc3
  --hwe 1e-6
  --make-bed
  --out arquivo_qc4

Hostname: DESKTOP-UAKI6G4
Working directory: /mnt/c/Users/Usuario/Downloads/Ancestralidade
Start time: Wed Jul  9 11:51:20 2025

Random number seed: 1752072680
3794 MB RAM detected; reserving 1897 MB for main workspace.
103912 variants loaded from .bim file.
1 person (0 males, 0 females, 1 ambiguous) loaded from .fam.
Ambiguous sex ID written to arquivo_qc4.nosex .
Using 1 thread (no multithreaded calculations invoked).
Before main variant filters, 1 founder and 0 nonfounders present.
Calculating allele frequencies... done.
Total genotyping rate is exactly 1.
--hwe: 0 variants removed due to Hardy-Weinberg exact test.
103912 variants and 1 person pass filters and QC.
Note: No phenotypes present.
--make-bed to arquivo_qc4.bed + arquivo_qc4.bim + arquivo_qc4.fam ... done.

End time: Wed Jul  9 11:51:22 2025
