PLINK v1.90b6.24 64-bit (6 Jun 2021)
Options in effect:
  --file arquivo
  --make-bed
  --out arquivo_binario

Hostname: DESKTOP-UAKI6G4
Working directory: /mnt/c/Users/Usuario/Downloads/Ancestralidade
Start time: Wed Jul  9 11:40:09 2025

Random number seed: 1752072009
3794 MB RAM detected; reserving 1897 MB for main workspace.
Scanning .ped file...
Possibly irregular .ped line.  Restarting scan, assuming multichar alleles.
.ped scan complete (for binary autoconversion).
Performing single-pass .bed write (653947 variants, 1 person).
--file: arquivo_binario-temporary.bed + arquivo_binario-temporary.bim +
arquivo_binario-temporary.fam written.
653947 variants loaded from .bim file.
1 person (0 males, 0 females, 1 ambiguous) loaded from .fam.
Ambiguous sex ID written to arquivo_binario.nosex .
Using 1 thread (no multithreaded calculations invoked).
Before main variant filters, 1 founder and 0 nonfounders present.
Calculating allele frequencies... done.
Warning: Nonmissing nonmale Y chromosome genotype(s) present; many commands
treat these as missing.
Total genotyping rate is 0.993506.
653947 variants and 1 person pass filters and QC.
Note: No phenotypes present.
--make-bed to arquivo_binario.bed + arquivo_binario.bim + arquivo_binario.fam
... done.

End time: Wed Jul  9 11:40:41 2025
